<?xml version="1.0" encoding="UTF-8"?>
<!-- Generated by org.testng.reporters.JUnitReportReporter -->
<testsuite hostname="LAPTOP-QKD19MOL" failures="0" tests="9" name="TestScenerios.SceneriosTest" time="44.877" errors="0" timestamp="02 Feb 2021 06:56:24 GMT" skipped="0">
  <testcase classname="TestScenerios.SceneriosTest" name="verifyTitle" time="21.390"/>
  <testcase classname="TestScenerios.SceneriosTest" name="verifyClick" time="0.301"/>
  <testcase classname="TestScenerios.SceneriosTest" name="verifyOneway" time="0.026"/>
  <testcase classname="TestScenerios.SceneriosTest" name="enterSource" time="6.440"/>
  <testcase classname="TestScenerios.SceneriosTest" name="enterDestination" time="6.222"/>
  <testcase classname="TestScenerios.SceneriosTest" name="enterDepatureDate" time="0.405"/>
  <testcase classname="TestScenerios.SceneriosTest" name="enterPickupTime" time="0.483"/>
  <testcase classname="TestScenerios.SceneriosTest" name="clickSearch" time="1.681"/>
  <testcase classname="TestScenerios.SceneriosTest" name="findSUV" time="7.929"/>
</testsuite> <!-- TestScenerios.SceneriosTest -->
