<?xml version="1.0" encoding="UTF-8"?>
<!-- Generated by org.testng.reporters.JUnitReportReporter -->
<testsuite hostname="LAPTOP-QKD19MOL" failures="0" tests="9" name="TestScenerios.SceneriosTest" time="45.354" errors="0" timestamp="02 Feb 2021 04:12:40 GMT" skipped="0">
  <testcase classname="TestScenerios.SceneriosTest" name="verifyTitle" time="21.565"/>
  <testcase classname="TestScenerios.SceneriosTest" name="verifyClick" time="0.383"/>
  <testcase classname="TestScenerios.SceneriosTest" name="verifyOneway" time="0.034"/>
  <testcase classname="TestScenerios.SceneriosTest" name="enterSource" time="6.827"/>
  <testcase classname="TestScenerios.SceneriosTest" name="enterDestination" time="6.398"/>
  <testcase classname="TestScenerios.SceneriosTest" name="enterDepatureDate" time="0.487"/>
  <testcase classname="TestScenerios.SceneriosTest" name="enterPickupTime" time="0.742"/>
  <testcase classname="TestScenerios.SceneriosTest" name="clickSearch" time="1.429"/>
  <testcase classname="TestScenerios.SceneriosTest" name="findSUV" time="7.489"/>
</testsuite> <!-- TestScenerios.SceneriosTest -->
