<?xml version="1.0" encoding="UTF-8"?>
<!-- Generated by org.testng.reporters.JUnitReportReporter -->
<testsuite hostname="LAPTOP-1NL8S0VC" name="TestScenerios.Scenerio4" tests="4" failures="0" timestamp="23 Oct 2020 18:32:47 GMT" time="10.293" errors="0">
  <testcase name="giftCard" time="4.124" classname="TestScenerios.Scenerio4"/>
  <testcase name="giftCard" time="4.865" classname="TestScenerios.Scenerio4"/>
  <testcase name="giftVoucher" time="0.597" classname="TestScenerios.Scenerio4"/>
  <testcase name="giftVoucher" time="0.707" classname="TestScenerios.Scenerio4"/>
</testsuite> <!-- TestScenerios.Scenerio4 -->
