<?xml version="1.0" encoding="UTF-8"?>
<!-- Generated by org.testng.reporters.JUnitReportReporter -->
<testsuite hostname="LAPTOP-1NL8S0VC" name="TestScenerios.Scenerio2" tests="10" failures="0" timestamp="23 Oct 2020 18:32:47 GMT" time="29.605" errors="0">
  <testcase name="enterDestination" time="6.253" classname="TestScenerios.Scenerio2"/>
  <testcase name="enterDestination" time="6.473" classname="TestScenerios.Scenerio2"/>
  <testcase name="enterDepatureDate" time="0.541" classname="TestScenerios.Scenerio2"/>
  <testcase name="enterPickupTime" time="0.516" classname="TestScenerios.Scenerio2"/>
  <testcase name="verifyOneway" time="0.483" classname="TestScenerios.Scenerio2"/>
  <testcase name="enterPickupTime" time="0.694" classname="TestScenerios.Scenerio2"/>
  <testcase name="verifyOneway" time="0.540" classname="TestScenerios.Scenerio2"/>
  <testcase name="enterSource" time="6.644" classname="TestScenerios.Scenerio2"/>
  <testcase name="enterSource" time="6.830" classname="TestScenerios.Scenerio2"/>
  <testcase name="enterDepatureDate" time="0.631" classname="TestScenerios.Scenerio2"/>
</testsuite> <!-- TestScenerios.Scenerio2 -->
